Arguments: 
  D:\Program Files\nodejs\node.exe C:\Users\Administrator\AppData\Roaming\npm\node_modules\yarn\bin\yarn.js add --dev eslint eslint-plugin-vue

PATH: 
  D:\cmder\vendor\git-for-windows\mingw64\bin;D:\cmder\vendor\git-for-windows\usr\bin;C:\Users\Administrator\bin;C:\WINDOWS\system32;C:\WINDOWS;C:\WINDOWS\System32\Wbem;C:\WINDOWS\System32\WindowsPowerShell\v1.0;C:\WINDOWS\System32\OpenSSH;D:\Program Files\nodejs;C:\Users\Administrator\AppData\Local\Programs\Python\Launcher;C:\Users\Administrator\AppData\Local\Microsoft\WindowsApps;D:\bandzip;C:\Users\Administrator\AppData\Roaming\npm;D:\Programs\Microsoft VS Code\bin;D:\Program Files\Git\bin;C:\Users\Administrator\AppData\Local\Yarn\bin;C:\Program Files\MySQL\MySQL Server 8.0\bin;D:\Python38;D:\cmder;D:\Program Files\MongoDB\Server\4.2\bin

Yarn version: 
  1.22.4

Node version: 
  12.16.2

Platform: 
  win32 x64

Trace: 
  Error: EBUSY: resource busy or locked, rmdir 'E:\study\vue3\movie-api\client-vue3\node_modules\esbuild\.install'

npm manifest: 
  {
    "name": "client-vue3",
    "version": "0.0.0",
    "scripts": {
      "dev": "vite",
      "build": "vite build"
    },
    "dependencies": {
      "vue": "^3.0.2"
    },
    "devDependencies": {
      "vite": "^1.0.0-rc.8",
      "@vue/compiler-sfc": "^3.0.2"
    }
  }

yarn manifest: 
  No manifest

Lockfile: 
  No lockfile
